<?xml version="1.0" encoding="UTF-8"?>
<testng-results skipped="1" failed="1" total="4" passed="2">
  <reporter-output>
    <line>
      <![CDATA[Phone Operator displayed is: AIRTEL]]>
    </line>
    <line>
      <![CDATA[Recharge amount displayed is: 12]]>
    </line>
  </reporter-output>
  <suite name="Suite" duration-ms="106542" started-at="2016-05-18T10:08:28Z" finished-at="2016-05-18T10:10:15Z">
    <groups>
    </groups>
    <test name="Test" duration-ms="106542" started-at="2016-05-18T10:08:28Z" finished-at="2016-05-18T10:10:15Z">
      <class name="com.pack.test.EnterPhoneNumberTest">
        <test-method status="PASS" signature="initialize()[pri:0, instance:com.pack.test.EnterPhoneNumberTest@29ee9faa]" name="initialize" is-config="true" duration-ms="28444" started-at="2016-05-18T15:38:28Z" finished-at="2016-05-18T15:38:57Z">
          <reporter-output>
          </reporter-output>
        </test-method> <!-- initialize -->
        <test-method status="PASS" signature="phoneNumberText(java.lang.String)[pri:0, instance:com.pack.test.EnterPhoneNumberTest@29ee9faa]" name="phoneNumberText" duration-ms="59339" started-at="2016-05-18T15:38:57Z" data-provider="createAccount" finished-at="2016-05-18T15:39:56Z">
          <params>
            <param index="0">
              <value>
                <![CDATA[9740172754]]>
              </value>
            </param>
          </params>
          <reporter-output>
            <line>
              <![CDATA[Phone Operator displayed is: AIRTEL]]>
            </line>
            <line>
              <![CDATA[Recharge amount displayed is: 12]]>
            </line>
          </reporter-output>
        </test-method> <!-- phoneNumberText -->
        <test-method status="PASS" signature="cancelRechargeTest()[pri:1, instance:com.pack.test.EnterPhoneNumberTest@29ee9faa]" name="cancelRechargeTest" duration-ms="14466" started-at="2016-05-18T15:39:56Z" finished-at="2016-05-18T15:40:11Z">
          <reporter-output>
          </reporter-output>
        </test-method> <!-- cancelRechargeTest -->
        <test-method status="FAIL" signature="failedTest()[pri:2, instance:com.pack.test.EnterPhoneNumberTest@29ee9faa]" name="failedTest" duration-ms="1268" started-at="2016-05-18T15:40:11Z" finished-at="2016-05-18T15:40:12Z">
          <exception class="java.lang.AssertionError">
            <message>
              <![CDATA[expected [Payment Confirmation Awaited1] but found [Payment Confirmation Awaited]]]>
            </message>
            <full-stacktrace>
              <![CDATA[java.lang.AssertionError: expected [Payment Confirmation Awaited1] but found [Payment Confirmation Awaited]
	at org.testng.Assert.fail(Assert.java:94)
	at org.testng.Assert.failNotEquals(Assert.java:513)
	at org.testng.Assert.assertEqualsImpl(Assert.java:135)
	at org.testng.Assert.assertEquals(Assert.java:116)
	at org.testng.Assert.assertEquals(Assert.java:190)
	at org.testng.Assert.assertEquals(Assert.java:200)
	at com.pack.page.Recharge.getFailedMessage1(Recharge.java:265)
	at com.pack.test.EnterPhoneNumberTest.failedTest(EnterPhoneNumberTest.java:99)
	at sun.reflect.NativeMethodAccessorImpl.invoke0(Native Method)
	at sun.reflect.NativeMethodAccessorImpl.invoke(Unknown Source)
	at sun.reflect.DelegatingMethodAccessorImpl.invoke(Unknown Source)
	at java.lang.reflect.Method.invoke(Unknown Source)
	at org.testng.internal.MethodInvocationHelper.invokeMethod(MethodInvocationHelper.java:86)
	at org.testng.internal.Invoker.invokeMethod(Invoker.java:643)
	at org.testng.internal.Invoker.invokeTestMethod(Invoker.java:820)
	at org.testng.internal.Invoker.invokeTestMethods(Invoker.java:1128)
	at org.testng.internal.TestMethodWorker.invokeTestMethods(TestMethodWorker.java:129)
	at org.testng.internal.TestMethodWorker.run(TestMethodWorker.java:112)
	at java.util.concurrent.ThreadPoolExecutor.runWorker(Unknown Source)
	at java.util.concurrent.ThreadPoolExecutor$Worker.run(Unknown Source)
	at java.lang.Thread.run(Unknown Source)
]]>
            </full-stacktrace>
          </exception> <!-- java.lang.AssertionError -->
          <reporter-output>
          </reporter-output>
        </test-method> <!-- failedTest -->
        <test-method status="SKIP" signature="testCaseSkip()[pri:3, instance:com.pack.test.EnterPhoneNumberTest@29ee9faa]" name="testCaseSkip" duration-ms="0" started-at="2016-05-18T15:40:13Z" finished-at="2016-05-18T15:40:13Z">
          <exception class="org.testng.SkipException">
            <message>
              <![CDATA[Skipping this exception]]>
            </message>
            <full-stacktrace>
              <![CDATA[org.testng.SkipException: Skipping this exception
	at com.pack.test.EnterPhoneNumberTest.testCaseSkip(EnterPhoneNumberTest.java:107)
	at sun.reflect.NativeMethodAccessorImpl.invoke0(Native Method)
	at sun.reflect.NativeMethodAccessorImpl.invoke(Unknown Source)
	at sun.reflect.DelegatingMethodAccessorImpl.invoke(Unknown Source)
	at java.lang.reflect.Method.invoke(Unknown Source)
	at org.testng.internal.MethodInvocationHelper.invokeMethod(MethodInvocationHelper.java:86)
	at org.testng.internal.Invoker.invokeMethod(Invoker.java:643)
	at org.testng.internal.Invoker.invokeTestMethod(Invoker.java:820)
	at org.testng.internal.Invoker.invokeTestMethods(Invoker.java:1128)
	at org.testng.internal.TestMethodWorker.invokeTestMethods(TestMethodWorker.java:129)
	at org.testng.internal.TestMethodWorker.run(TestMethodWorker.java:112)
	at java.util.concurrent.ThreadPoolExecutor.runWorker(Unknown Source)
	at java.util.concurrent.ThreadPoolExecutor$Worker.run(Unknown Source)
	at java.lang.Thread.run(Unknown Source)
]]>
            </full-stacktrace>
          </exception> <!-- org.testng.SkipException -->
          <reporter-output>
          </reporter-output>
        </test-method> <!-- testCaseSkip -->
        <test-method status="PASS" signature="tearDown()[pri:0, instance:com.pack.test.EnterPhoneNumberTest@29ee9faa]" name="tearDown" is-config="true" duration-ms="1146" started-at="2016-05-18T15:40:13Z" finished-at="2016-05-18T15:40:15Z">
          <reporter-output>
          </reporter-output>
        </test-method> <!-- tearDown -->
      </class> <!-- com.pack.test.EnterPhoneNumberTest -->
    </test> <!-- Test -->
  </suite> <!-- Suite -->
</testng-results>
